<?xml version="1.0" encoding="UTF-8"?>
<!-- Generated by org.testng.reporters.JUnitReportReporter -->
<testsuite hostname="Hakans-MacBook-Air.local" failures="0" tests="1" name="WebdriverTestNGDemo.GoogleTitleTest" time="31.987" errors="0" timestamp="29 Nov 2022 23:11:41 GMT" skipped="0">
  <testcase classname="WebdriverTestNGDemo.GoogleTitleTest" name="testGoogleTitle" time="31.987"/>
</testsuite> <!-- WebdriverTestNGDemo.GoogleTitleTest -->
